<?xml version="1.0" encoding="UTF-8"?>
<!-- Generated by org.testng.reporters.JUnitReportReporter -->
<testsuite hostname="DESKTOP-M6TBARC" failures="0" tests="3" name="runner.TestRunner" time="13.477" errors="0" timestamp="23 Aug. 2023 11:16:44 GMT" skipped="0">
  <testcase classname="runner.TestRunner" name="features" time="4.455"/>
  <testcase classname="runner.TestRunner" name="features" time="4.729"/>
  <testcase classname="runner.TestRunner" name="features" time="4.293"/>
</testsuite> <!-- runner.TestRunner -->
